TN:
SF:script/ApproveLinkForOracle.s.sol
DA:20,0
FN:20,ApproveLinkForOracle.run
FNDA:0,ApproveLinkForOracle.run
DA:22,0
DA:23,0
DA:25,0
DA:28,0
DA:29,0
DA:32,0
DA:33,0
DA:35,0
BRDA:35,0,0,-
DA:36,0
DA:37,0
DA:38,0
DA:42,0
DA:44,0
BRDA:44,1,0,-
BRDA:44,1,1,-
DA:45,0
DA:48,0
DA:49,0
DA:51,0
DA:54,0
FNF:1
FNH:0
LF:19
LH:0
BRF:3
BRH:0
end_of_record
TN:
SF:script/CheckLinkBalances.s.sol
DA:15,0
FN:15,CheckLinkBalances.run
FNDA:0,CheckLinkBalances.run
DA:16,0
DA:18,0
DA:20,0
DA:21,0
DA:22,0
DA:23,0
DA:24,0
DA:25,0
DA:28,0
DA:29,0
DA:32,0
DA:33,0
DA:36,0
DA:37,0
DA:40,0
DA:41,0
DA:43,0
DA:44,0
DA:46,0
DA:47,0
DA:49,0
BRDA:49,0,0,-
DA:50,0
DA:53,0
BRDA:53,1,0,-
DA:54,0
DA:55,0
DA:56,0
DA:57,0
DA:60,0
BRDA:60,2,0,-
DA:61,0
FNF:1
FNH:0
LF:30
LH:0
BRF:3
BRH:0
end_of_record
TN:
SF:script/CreateContestV22.s.sol
DA:18,0
FN:18,CreateContestV22.getSourceCode
FNDA:0,CreateContestV22.getSourceCode
DA:19,0
DA:20,0
DA:23,0
FN:23,CreateContestV22.run
FNDA:0,CreateContestV22.run
DA:24,0
DA:28,0
DA:30,0
DA:31,0
DA:33,0
DA:34,0
DA:35,0
DA:36,0
DA:38,0
DA:39,0
DA:40,0
DA:41,0
DA:42,0
DA:43,0
DA:49,0
BRDA:49,0,0,-
DA:50,0
DA:62,0
DA:63,0
BRDA:63,0,1,-
DA:64,0
DA:65,0
BRDA:65,0,2,-
DA:66,0
DA:67,0
DA:70,0
FNF:2
FNH:0
LF:27
LH:0
BRF:3
BRH:0
end_of_record
TN:
SF:script/DecodeContest.s.sol
DA:11,0
FN:11,DecodeContest.run
FNDA:0,DecodeContest.run
DA:12,0
DA:14,0
DA:15,0
DA:18,0
DA:19,0
DA:22,0
DA:23,0
BRDA:23,0,0,-
BRDA:23,0,1,-
DA:24,0
BRDA:24,1,0,-
BRDA:24,1,1,-
DA:25,0
BRDA:25,2,0,-
BRDA:25,2,1,-
DA:26,0
DA:28,0
DA:29,0
DA:30,0
DA:31,0
DA:33,0
DA:34,0
DA:35,0
DA:36,0
DA:38,0
DA:39,0
DA:40,0
FNF:1
FNH:0
LF:22
LH:0
BRF:6
BRH:0
end_of_record
TN:
SF:script/DecodeLeaderboard.s.sol
DA:13,0
FN:13,DecodeLeaderboard.run
FNDA:0,DecodeLeaderboard.run
DA:14,0
DA:15,0
DA:17,0
DA:18,0
DA:19,0
DA:22,0
DA:23,0
DA:25,0
DA:26,0
DA:27,0
DA:28,0
DA:29,0
DA:31,0
DA:32,0
DA:33,0
DA:34,0
DA:35,0
DA:38,0
DA:39,0
DA:40,0
DA:42,0
DA:43,0
DA:44,0
DA:47,0
DA:48,0
DA:49,0
DA:52,0
DA:53,0
BRDA:53,0,0,-
BRDA:53,0,1,-
DA:54,0
DA:55,0
BRDA:55,1,0,-
BRDA:55,1,1,-
DA:56,0
DA:57,0
BRDA:57,2,0,-
BRDA:57,2,1,-
DA:58,0
DA:60,0
DA:63,0
DA:66,0
DA:67,0
DA:68,0
DA:71,0
DA:72,0
DA:75,0
DA:76,0
DA:77,0
DA:78,0
DA:80,0
DA:81,0
DA:82,0
DA:84,0
DA:85,0
DA:86,0
DA:88,0
BRDA:88,3,0,-
BRDA:88,3,1,-
DA:89,0
DA:90,0
DA:91,0
DA:93,0
BRDA:93,4,0,-
DA:94,0
DA:98,0
DA:102,0
DA:103,0
DA:104,0
DA:105,0
DA:106,0
DA:107,0
DA:108,0
DA:112,0
FN:112,DecodeLeaderboard.isUserInWinners
FNDA:0,DecodeLeaderboard.isUserInWinners
DA:113,0
DA:114,0
BRDA:114,5,0,-
DA:115,0
DA:118,0
FNF:2
FNH:0
LF:70
LH:0
BRF:10
BRH:0
end_of_record
TN:
SF:script/DecodePosition.s.sol
DA:15,0
FN:15,DecodePosition.run
FNDA:0,DecodePosition.run
DA:16,0
DA:17,0
DA:18,0
DA:20,0
DA:21,0
DA:24,0
DA:30,0
BRDA:30,0,0,-
DA:31,0
DA:32,0
DA:33,0
DA:34,0
DA:35,0
DA:36,0
DA:37,0
DA:40,0
DA:41,0
DA:42,0
DA:44,0
DA:45,0
DA:47,0
DA:48,0
DA:49,0
DA:51,0
DA:52,0
DA:53,0
DA:56,0
BRDA:56,1,0,-
DA:57,0
DA:58,0
DA:59,0
DA:60,0
DA:62,0
DA:63,0
DA:65,0
BRDA:65,2,0,-
DA:66,0
DA:67,0
BRDA:67,3,0,-
BRDA:67,3,1,-
DA:68,0
BRDA:68,4,0,-
BRDA:68,4,1,-
DA:69,0
BRDA:69,5,0,-
BRDA:69,5,1,-
DA:70,0
BRDA:70,6,0,-
BRDA:70,6,1,-
DA:71,0
BRDA:71,7,0,-
BRDA:71,7,1,-
DA:72,0
BRDA:72,8,0,-
BRDA:72,8,1,-
DA:73,0
BRDA:73,9,0,-
BRDA:73,9,1,-
DA:74,0
DA:76,0
DA:78,0
DA:79,0
BRDA:79,10,0,-
DA:80,0
BRDA:80,11,0,-
DA:81,0
BRDA:81,12,0,-
DA:82,0
BRDA:82,13,0,-
DA:84,0
DA:86,0
BRDA:86,1,1,-
DA:87,0
FNF:1
FNH:0
LF:52
LH:0
BRF:22
BRH:0
end_of_record
TN:
SF:script/DecodeSpeculation.s.sol
DA:12,0
FN:12,DecodeSpeculation.run
FNDA:0,DecodeSpeculation.run
DA:13,0
DA:15,0
DA:18,0
DA:23,0
DA:24,0
DA:25,0
DA:28,0
DA:29,0
BRDA:29,0,1,-
DA:30,0
BRDA:30,0,0,-
DA:31,0
BRDA:31,1,1,-
DA:32,0
BRDA:32,1,0,-
DA:33,0
DA:36,0
DA:37,0
BRDA:37,2,0,-
BRDA:37,2,1,-
DA:38,0
BRDA:38,3,0,-
BRDA:38,3,1,-
DA:39,0
BRDA:39,4,0,-
BRDA:39,4,1,-
DA:40,0
BRDA:40,5,0,-
BRDA:40,5,1,-
DA:41,0
BRDA:41,6,0,-
BRDA:41,6,1,-
DA:42,0
BRDA:42,7,0,-
BRDA:42,7,1,-
DA:43,0
BRDA:43,8,0,-
BRDA:43,8,1,-
DA:44,0
DA:46,0
DA:47,0
DA:48,0
DA:49,0
DA:51,0
DA:52,0
FNF:1
FNH:0
LF:28
LH:0
BRF:18
BRH:0
end_of_record
TN:
SF:script/DeployAmoy.s.sol
DA:68,0
FN:68,DeployAmoy.run
FNDA:0,DeployAmoy.run
DA:69,0
DA:71,0
DA:72,0
DA:73,0
DA:74,0
BRDA:74,0,0,-
BRDA:74,0,1,-
DA:76,0
DA:86,0
DA:88,0
DA:89,0
DA:90,0
DA:91,0
DA:93,0
DA:96,0
FN:96,DeployAmoy._deployContracts
FNDA:0,DeployAmoy._deployContracts
DA:99,0
DA:101,0
DA:102,0
DA:103,0
DA:105,0
DA:107,0
DA:108,0
DA:110,0
DA:111,0
DA:113,0
DA:114,0
DA:116,0
DA:117,0
DA:119,0
DA:120,0
DA:122,0
DA:123,0
DA:125,0
DA:126,0
DA:128,0
DA:132,0
DA:134,0
DA:137,0
DA:139,0
DA:140,0
DA:142,0
DA:143,0
DA:145,0
DA:148,0
DA:150,0
DA:151,0
DA:154,0
FN:154,DeployAmoy._bootstrapAndFinalize
FNDA:0,DeployAmoy._bootstrapAndFinalize
DA:155,0
DA:156,0
DA:158,0
DA:159,0
DA:160,0
DA:161,0
DA:162,0
DA:163,0
DA:164,0
DA:165,0
DA:166,0
DA:167,0
DA:168,0
DA:169,0
DA:170,0
DA:171,0
DA:173,0
DA:174,0
DA:176,0
DA:177,0
DA:180,0
FN:180,DeployAmoy._verifyDeployment
FNDA:0,DeployAmoy._verifyDeployment
DA:181,0
DA:182,0
DA:184,0
BRDA:184,1,0,-
BRDA:184,1,1,-
DA:185,0
BRDA:185,2,0,-
BRDA:185,2,1,-
DA:186,0
BRDA:186,3,0,-
BRDA:186,3,1,-
DA:187,0
BRDA:187,4,0,-
BRDA:187,4,1,-
DA:188,0
BRDA:188,5,0,-
BRDA:188,5,1,-
DA:189,0
BRDA:189,6,0,-
BRDA:189,6,1,-
DA:190,0
BRDA:190,7,0,-
BRDA:190,7,1,-
DA:191,0
BRDA:191,8,0,-
BRDA:191,8,1,-
DA:192,0
BRDA:192,9,0,-
BRDA:192,9,1,-
DA:193,0
BRDA:193,10,0,-
BRDA:193,10,1,-
DA:195,0
DA:198,0
FN:198,DeployAmoy._printSummary
FNDA:0,DeployAmoy._printSummary
DA:199,0
DA:200,0
DA:201,0
DA:202,0
DA:203,0
DA:204,0
DA:205,0
DA:206,0
DA:207,0
DA:208,0
DA:209,0
DA:210,0
DA:211,0
DA:212,0
DA:213,0
DA:214,0
DA:215,0
DA:216,0
DA:217,0
DA:218,0
DA:219,0
DA:220,0
DA:221,0
DA:222,0
DA:223,0
DA:224,0
DA:225,0
DA:226,0
FNF:5
FNH:0
LF:109
LH:0
BRF:22
BRH:0
end_of_record
TN:
SF:script/DeployCoreLocal.s.sol
DA:12,0
FN:12,DeployCore.run
FNDA:0,DeployCore.run
DA:13,0
DA:15,0
DA:16,0
DA:18,0
FNF:1
FNH:0
LF:5
LH:0
BRF:0
BRH:0
end_of_record
TN:
SF:script/DeployLocal.s.sol
DA:71,0
FN:71,DeployLocal.run
FNDA:0,DeployLocal.run
DA:73,0
DA:74,0
DA:76,0
DA:77,0
DA:79,0
DA:91,0
DA:93,0
DA:95,0
DA:97,0
DA:99,0
DA:102,0
FN:102,DeployLocal.deployContracts
FNDA:0,DeployLocal.deployContracts
DA:105,0
DA:107,0
DA:108,0
DA:110,0
DA:111,0
DA:113,0
DA:114,0
DA:116,0
DA:118,0
DA:119,0
DA:121,0
DA:124,0
DA:125,0
DA:127,0
DA:128,0
DA:130,0
DA:131,0
DA:133,0
DA:134,0
DA:136,0
DA:137,0
DA:139,0
DA:140,0
DA:142,0
DA:143,0
DA:146,0
DA:154,0
DA:156,0
DA:162,0
DA:164,0
DA:168,0
DA:170,0
DA:174,0
DA:176,0
DA:183,0
DA:185,0
DA:188,0
FN:188,DeployLocal.bootstrapAndFinalize
FNDA:0,DeployLocal.bootstrapAndFinalize
DA:189,0
DA:191,0
DA:193,0
DA:194,0
DA:196,0
DA:197,0
DA:198,0
DA:199,0
DA:200,0
DA:201,0
DA:202,0
DA:203,0
DA:204,0
DA:205,0
DA:206,0
DA:207,0
DA:209,0
DA:210,0
DA:212,0
DA:213,0
DA:216,0
FN:216,DeployLocal.printDeploymentInfo
FNDA:0,DeployLocal.printDeploymentInfo
DA:217,0
DA:218,0
DA:219,0
DA:221,0
DA:222,0
DA:223,0
DA:224,0
DA:226,0
DA:227,0
DA:228,0
DA:229,0
DA:230,0
DA:231,0
DA:232,0
DA:233,0
DA:234,0
DA:235,0
DA:236,0
DA:237,0
DA:238,0
FNF:4
FNH:0
LF:90
LH:0
BRF:0
BRH:0
end_of_record
TN:
SF:script/DeployMatchingModuleAnvil.s.sol
DA:12,0
FN:12,DeployMatchingModuleAnvil.run
FNDA:0,DeployMatchingModuleAnvil.run
DA:13,0
DA:15,0
DA:16,0
DA:18,0
DA:19,0
DA:21,0
DA:24,0
DA:26,0
DA:27,0
DA:29,0
DA:30,0
DA:33,0
DA:34,0
DA:35,0
DA:36,0
DA:37,0
DA:38,0
DA:39,0
DA:41,0
FNF:1
FNH:0
LF:20
LH:0
BRF:0
BRH:0
end_of_record
TN:
SF:script/DeployPolygon.s.sol
DA:65,0
FN:65,DeployPolygon.run
FNDA:0,DeployPolygon.run
DA:66,0
DA:68,0
DA:69,0
DA:70,0
DA:71,0
BRDA:71,0,0,-
BRDA:71,0,1,-
DA:73,0
DA:83,0
DA:85,0
DA:86,0
DA:87,0
DA:88,0
DA:90,0
DA:93,0
FN:93,DeployPolygon._deployContracts
FNDA:0,DeployPolygon._deployContracts
DA:96,0
DA:98,0
DA:99,0
DA:101,0
DA:102,0
DA:103,0
DA:104,0
DA:105,0
DA:106,0
DA:107,0
DA:109,0
DA:113,0
DA:116,0
DA:117,0
DA:118,0
DA:122,0
DA:123,0
DA:126,0
FN:126,DeployPolygon._bootstrapAndFinalize
FNDA:0,DeployPolygon._bootstrapAndFinalize
DA:127,0
DA:129,0
DA:130,0
DA:131,0
DA:132,0
DA:133,0
DA:134,0
DA:135,0
DA:136,0
DA:137,0
DA:138,0
DA:139,0
DA:140,0
DA:141,0
DA:142,0
DA:144,0
DA:145,0
DA:146,0
DA:149,0
FN:149,DeployPolygon._verifyDeployment
FNDA:0,DeployPolygon._verifyDeployment
DA:150,0
DA:151,0
BRDA:151,1,0,-
BRDA:151,1,1,-
DA:152,0
BRDA:152,2,0,-
BRDA:152,2,1,-
DA:153,0
BRDA:153,3,0,-
BRDA:153,3,1,-
DA:154,0
BRDA:154,4,0,-
BRDA:154,4,1,-
DA:155,0
BRDA:155,5,0,-
BRDA:155,5,1,-
DA:156,0
DA:159,0
FN:159,DeployPolygon._printSummary
FNDA:0,DeployPolygon._printSummary
DA:160,0
DA:161,0
DA:162,0
DA:163,0
DA:164,0
DA:165,0
DA:166,0
DA:167,0
DA:168,0
DA:169,0
DA:170,0
DA:171,0
DA:172,0
DA:173,0
DA:174,0
DA:175,0
DA:176,0
DA:177,0
DA:178,0
DA:179,0
DA:180,0
DA:181,0
DA:182,0
FNF:5
FNH:0
LF:82
LH:0
BRF:12
BRH:0
end_of_record
TN:
SF:script/DeployPositionModuleAnvil.s.sol
DA:10,0
FN:10,DeployPositionModuleAnvil.run
FNDA:0,DeployPositionModuleAnvil.run
DA:11,0
DA:14,0
DA:15,0
DA:17,0
DA:18,0
DA:21,0
DA:25,0
DA:26,0
DA:28,0
FNF:1
FNH:0
LF:10
LH:0
BRF:0
BRH:0
end_of_record
TN:
SF:script/ScoreContestV22.s.sol
DA:24,0
FN:24,ScoreContestV22.getScoreSourceCode
FNDA:0,ScoreContestV22.getScoreSourceCode
DA:25,0
DA:28,0
FN:28,ScoreContestV22.run
FNDA:0,ScoreContestV22.run
DA:29,0
DA:30,0
DA:35,0
DA:37,0
DA:38,0
DA:40,0
DA:41,0
DA:42,0
DA:43,0
DA:46,0
DA:47,0
DA:48,0
DA:51,0
BRDA:51,0,0,-
DA:58,0
DA:59,0
DA:60,0
BRDA:60,0,1,-
DA:61,0
DA:62,0
BRDA:62,0,2,-
DA:63,0
DA:64,0
DA:67,0
FNF:2
FNH:0
LF:24
LH:0
BRF:3
BRH:0
end_of_record
TN:
SF:src/core/OspexCore.sol
DA:77,404
FN:77,OspexCore.onlyDeployer
FNDA:404,OspexCore.onlyDeployer
DA:78,404
BRDA:78,0,0,1
DA:82,403
FN:82,OspexCore.notFinalized
FNDA:403,OspexCore.notFinalized
DA:83,1
BRDA:83,1,0,1
DA:87,2943
FN:87,OspexCore.onlyRegisteredModule
FNDA:2943,OspexCore.onlyRegisteredModule
DA:88,2943
DA:89,1
BRDA:89,2,0,1
DA:109,406
FN:109,OspexCore.constructor
FNDA:406,OspexCore.constructor
DA:110,406
DA:121,402
FN:121,OspexCore.bootstrapModules
FNDA:402,OspexCore.bootstrapModules
DA:125,402
DA:126,1
BRDA:126,3,0,1
DA:127,401
DA:128,4755
DA:129,1
BRDA:129,4,0,1
DA:130,4754
DA:131,1
BRDA:131,5,0,1
DA:132,4753
DA:133,4753
DA:135,399
DA:142,392
FN:142,OspexCore.finalize
FNDA:392,OspexCore.finalize
DA:143,392
DA:157,392
DA:158,4704
DA:159,1
BRDA:159,6,0,1
DA:161,391
DA:162,391
DA:173,5528
FN:173,OspexCore.getModule
FNDA:5528,OspexCore.getModule
DA:176,5528
DA:184,2
FN:184,OspexCore.isRegisteredModule
FNDA:2,OspexCore.isRegisteredModule
DA:187,2
DA:195,27
FN:195,OspexCore.isSecondaryMarket
FNDA:27,OspexCore.isSecondaryMarket
DA:196,27
DA:204,458
FN:204,OspexCore.isApprovedScorer
FNDA:458,OspexCore.isApprovedScorer
DA:205,458
DA:206,458
DA:207,407
DA:208,13
DA:219,2942
FN:219,OspexCore.emitCoreEvent
FNDA:2942,OspexCore.emitCoreEvent
DA:223,2942
DA:234,163
FN:234,OspexCore.processFee
FNDA:163,OspexCore.processFee
DA:238,163
DA:251,450
FN:251,OspexCore.processSplitFee
FNDA:450,OspexCore.processSplitFee
DA:256,450
DA:271,37
FN:271,OspexCore.processLeaderboardEntryFee
FNDA:37,OspexCore.processLeaderboardEntryFee
DA:276,37
FNF:14
FNH:14
LF:46
LH:46
BRF:7
BRH:7
end_of_record
TN:
SF:src/modules/ContestModule.sol
DA:121,15
FN:121,ContestModule.onlyOracleModule
FNDA:15,ContestModule.onlyOracleModule
DA:122,15
BRDA:122,0,0,1
DA:123,1
DA:150,62
FN:150,ContestModule.constructor
FNDA:62,ContestModule.constructor
DA:151,62
BRDA:151,1,0,1
DA:152,1
DA:154,61
DA:160,1
FN:160,ContestModule.getModuleType
FNDA:1,ContestModule.getModuleType
DA:161,1
DA:167,26
FN:167,ContestModule.createContest
FNDA:26,ContestModule.createContest
DA:176,26
DA:177,2
DA:178,2
DA:179,1
BRDA:179,2,0,1
DA:180,1
DA:183,25
DA:185,25
DA:186,25
DA:187,25
DA:188,25
DA:189,25
DA:190,25
DA:191,25
DA:192,25
DA:193,25
DA:194,25
DA:196,25
DA:205,25
DA:222,7
FN:222,ContestModule.updateContestMarkets
FNDA:7,ContestModule.updateContestMarkets
DA:234,7
DA:235,6
DA:236,6
DA:237,6
DA:238,6
DA:239,6
DA:240,5
DA:241,3
BRDA:241,3,0,3
DA:242,3
DA:244,4
DA:246,4
DA:247,4
DA:248,4
DA:250,4
DA:257,4
DA:264,4
DA:271,4
DA:284,4
DA:304,14
FN:304,ContestModule.setContestLeagueIdAndStartTime
FNDA:14,ContestModule.setContestLeagueIdAndStartTime
DA:309,14
BRDA:309,4,0,2
DA:310,2
DA:312,12
DA:313,0
BRDA:313,5,0,-
DA:314,12
DA:315,12
DA:316,12
DA:317,12
DA:318,12
DA:335,4
FN:335,ContestModule.setScores
FNDA:4,ContestModule.setScores
DA:340,4
BRDA:340,6,0,1
DA:341,1
DA:343,3
DA:344,3
DA:345,3
DA:346,3
DA:347,3
DA:356,16
FN:356,ContestModule.getContest
FNDA:16,ContestModule.getContest
DA:359,16
DA:363,0
FN:363,ContestModule.isContestScored
FNDA:0,ContestModule.isContestScored
DA:366,0
DA:370,11
FN:370,ContestModule.getContestMarket
FNDA:11,ContestModule.getContestMarket
DA:374,11
DA:384,67
FN:384,ContestModule._getModule
FNDA:67,ContestModule._getModule
DA:387,67
DA:388,67
BRDA:388,7,0,0
DA:389,0
DA:391,67
FNF:11
FNH:10
LF:76
LH:72
BRF:8
BRH:6
end_of_record
TN:
SF:src/modules/LeaderboardModule.sol
DA:245,192
FN:245,LeaderboardModule.constructor
FNDA:192,LeaderboardModule.constructor
DA:246,192
BRDA:246,0,0,1
DA:247,1
DA:249,191
DA:255,1
FN:255,LeaderboardModule.getModuleType
FNDA:1,LeaderboardModule.getModuleType
DA:256,1
DA:262,141
FN:262,LeaderboardModule.createLeaderboard
FNDA:141,LeaderboardModule.createLeaderboard
DA:270,141
DA:271,140
DA:272,139
DA:273,139
DA:274,3
BRDA:274,1,0,3
DA:275,3
DA:278,138
DA:280,138
DA:281,138
DA:289,138
DA:298,138
DA:315,120
FN:315,LeaderboardModule.addLeaderboardSpeculation
FNDA:120,LeaderboardModule.addLeaderboardSpeculation
DA:319,120
DA:320,120
DA:321,1
BRDA:321,2,0,1
DA:322,119
DA:323,0
BRDA:323,3,0,-
DA:324,1
BRDA:324,4,0,1
DA:325,1
DA:327,118
DA:330,118
DA:332,118
DA:333,0
BRDA:333,5,0,-
DA:334,118
DA:335,118
DA:336,118
DA:345,43
FN:345,LeaderboardModule.registerUser
FNDA:43,LeaderboardModule.registerUser
DA:349,43
DA:352,43
DA:353,2
BRDA:353,6,0,2
DA:354,2
DA:357,41
BRDA:357,7,0,1
DA:358,1
DA:361,40
BRDA:361,8,0,1
DA:362,1
DA:366,39
DA:370,1
BRDA:370,9,0,1
DA:371,1
DA:374,38
DA:375,38
BRDA:375,10,0,37
DA:376,37
DA:383,38
DA:385,38
DA:386,38
DA:408,39
FN:408,LeaderboardModule.registerPositionForLeaderboard
FNDA:39,LeaderboardModule.registerPositionForLeaderboard
DA:413,39
DA:414,39
DA:420,39
DA:422,38
DA:428,37
DA:431,1
BRDA:431,11,0,1
DA:432,1
DA:435,36
DA:437,36
DA:441,36
DA:442,36
DA:443,0
BRDA:443,12,0,-
DA:445,35
DA:450,35
DA:451,35
DA:452,0
BRDA:452,13,0,-
DA:453,0
DA:456,35
DA:467,35
BRDA:467,14,0,1
DA:468,1
DA:471,34
DA:475,34
DA:486,34
DA:489,34
DA:490,34
BRDA:490,15,0,34
DA:491,34
DA:494,34
DA:496,34
BRDA:496,16,0,34
DA:497,34
DA:502,34
DA:511,34
DA:545,29
FN:545,LeaderboardModule.submitLeaderboardROI
FNDA:29,LeaderboardModule.submitLeaderboardROI
DA:546,29
DA:547,29
DA:551,29
DA:552,6
BRDA:552,17,0,6
DA:553,6
DA:556,23
DA:557,23
BRDA:557,18,0,1
DA:558,1
DA:561,22
DA:565,22
DA:567,0
BRDA:567,19,0,-
DA:568,0
DA:572,22
DA:576,0
BRDA:576,20,0,-
DA:577,0
DA:580,22
DA:582,22
DA:583,22
DA:585,22
BRDA:585,21,1,0
DA:586,22
DA:587,5
DA:588,18
BRDA:588,21,0,18
DA:589,18
DA:591,18
DA:592,18
DA:593,18
DA:597,4
BRDA:597,22,0,4
DA:598,4
DA:599,4
DA:600,4
DA:606,22
DA:607,18
DA:622,11
FN:622,LeaderboardModule.claimLeaderboardPrize
FNDA:11,LeaderboardModule.claimLeaderboardPrize
DA:625,11
DA:626,11
DA:630,11
DA:632,11
BRDA:632,23,0,1
DA:633,1
DA:636,10
DA:637,10
DA:638,12
BRDA:638,24,0,9
DA:639,9
DA:640,9
DA:643,10
BRDA:643,25,0,1
DA:644,1
DA:647,1
BRDA:647,26,0,1
DA:648,1
DA:651,8
DA:655,8
BRDA:655,27,0,6
DA:656,6
DA:661,8
DA:663,8
DA:665,8
BRDA:665,28,0,7
DA:666,7
DA:669,8
DA:670,8
DA:685,38
FN:685,LeaderboardModule._getLeaderboardAndBankroll
FNDA:38,LeaderboardModule._getLeaderboardAndBankroll
DA:693,38
DA:694,38
DA:695,38
BRDA:695,29,0,1
DA:696,1
DA:699,37
DA:700,37
DA:701,0
BRDA:701,30,0,-
DA:702,0
DA:704,37
DA:718,39
FN:718,LeaderboardModule._getPositionAndLeaderboardData
FNDA:39,LeaderboardModule._getPositionAndLeaderboardData
DA:733,39
DA:736,39
DA:741,39
DA:742,39
DA:743,39
BRDA:743,31,0,1
DA:744,1
DA:746,38
DA:749,38
DA:750,38
DA:751,38
DA:752,38
DA:765,22
FN:765,LeaderboardModule._calculateROI
FNDA:22,LeaderboardModule._calculateROI
DA:770,22
DA:773,22
DA:774,22
DA:775,24
DA:778,24
DA:782,22
DA:783,22
DA:792,24
FN:792,LeaderboardModule._calculatePositionNet
FNDA:24,LeaderboardModule._calculatePositionNet
DA:795,24
DA:799,24
BRDA:799,32,0,16
DA:800,16
DA:803,8
DA:804,8
DA:807,8
DA:808,3
BRDA:808,33,0,3
BRDA:808,33,1,3
DA:809,3
DA:810,2
BRDA:810,34,0,2
BRDA:810,34,1,3
DA:811,2
DA:813,3
DA:818,8
DA:827,8
FN:827,LeaderboardModule._isLeaderboardPositionWinner
FNDA:8,LeaderboardModule._isLeaderboardPositionWinner
DA:831,8
BRDA:831,35,0,8
BRDA:831,35,1,0
DA:832,8
DA:835,0
DA:846,40
FN:846,LeaderboardModule._calculateTimeBounds
FNDA:40,LeaderboardModule._calculateTimeBounds
DA:849,40
DA:850,40
DA:851,40
DA:861,442
FN:861,LeaderboardModule._getModule
FNDA:442,LeaderboardModule._getModule
DA:864,442
DA:865,442
BRDA:865,36,0,0
DA:866,0
DA:868,442
DA:874,177
FN:874,LeaderboardModule.getLeaderboard
FNDA:177,LeaderboardModule.getLeaderboard
DA:877,177
DA:881,4
FN:881,LeaderboardModule.getLeaderboardPosition
FNDA:4,LeaderboardModule.getLeaderboardPosition
DA:886,4
DA:890,11
FN:890,LeaderboardModule.getUserROI
FNDA:11,LeaderboardModule.getUserROI
DA:894,11
DA:898,6
FN:898,LeaderboardModule.getWinners
FNDA:6,LeaderboardModule.getWinners
DA:901,6
DA:905,2
FN:905,LeaderboardModule.getHighestROI
FNDA:2,LeaderboardModule.getHighestROI
DA:908,2
DA:912,4
FN:912,LeaderboardModule.hasClaimed
FNDA:4,LeaderboardModule.hasClaimed
DA:916,4
FNF:21
FNH:21
LF:208
LH:195
BRF:41
BRH:31
end_of_record
TN:
SF:src/modules/MatchingModule.sol
DA:154,93
FN:154,MatchingModule.oddsInRange
FNDA:93,MatchingModule.oddsInRange
DA:155,93
BRDA:155,0,0,2
DA:156,2
DA:177,66
FN:177,MatchingModule.constructor
FNDA:66,MatchingModule.constructor
DA:178,66
BRDA:178,1,0,1
DA:179,1
DA:181,65
DA:185,0
FN:185,MatchingModule.getModuleType
FNDA:0,MatchingModule.getModuleType
DA:186,0
DA:207,93
FN:207,MatchingModule.matchCommitment
FNDA:93,MatchingModule.matchCommitment
DA:212,91
BRDA:212,2,0,1
DA:213,1
DA:217,90
DA:220,2
BRDA:220,3,0,2
DA:221,2
DA:224,88
DA:226,66
DA:228,66
BRDA:228,4,0,7
DA:229,7
DA:232,59
DA:233,59
DA:237,59
DA:240,59
BRDA:240,5,0,2
DA:241,2
DA:244,57
DA:249,57
BRDA:249,6,0,1
DA:250,1
DA:253,57
DA:255,57
DA:267,56
DA:278,56
DA:300,5
FN:300,MatchingModule.cancelCommitment
FNDA:5,MatchingModule.cancelCommitment
DA:301,5
BRDA:301,7,0,1
DA:302,1
DA:304,4
DA:305,4
DA:307,4
DA:308,4
DA:333,8
FN:333,MatchingModule.raiseMinNonce
FNDA:8,MatchingModule.raiseMinNonce
DA:339,8
DA:343,8
DA:344,8
DA:345,2
BRDA:345,8,0,2
DA:346,2
DA:348,6
DA:349,6
DA:350,6
DA:360,1
FN:360,MatchingModule.getDomainSeparator
FNDA:1,MatchingModule.getDomainSeparator
DA:361,1
DA:367,89
FN:367,MatchingModule.getCommitmentHash
FNDA:89,MatchingModule.getCommitmentHash
DA:370,89
DA:390,88
FN:390,MatchingModule._validateCommitment
FNDA:88,MatchingModule._validateCommitment
DA:394,88
BRDA:394,9,0,1
DA:395,1
DA:398,87
BRDA:398,10,0,1
DA:399,1
DA:402,86
BRDA:402,11,0,6
DA:403,6
DA:406,80
DA:413,80
BRDA:413,12,0,1
DA:414,1
DA:417,79
DA:419,2
BRDA:419,13,0,2
DA:420,2
DA:423,77
DA:424,77
BRDA:424,14,0,10
DA:425,10
DA:434,172
FN:434,MatchingModule._hashCommitment
FNDA:172,MatchingModule._hashCommitment
DA:437,172
DA:438,172
DA:463,147
FN:463,MatchingModule._getModule
FNDA:147,MatchingModule._getModule
DA:466,147
DA:467,147
BRDA:467,15,0,0
DA:468,0
DA:470,147
FNF:11
FNH:10
LF:75
LH:72
BRF:16
BRH:15
end_of_record
TN:
SF:src/modules/MoneylineScorerModule.sol
DA:34,5
FN:34,MoneylineScorerModule.onlySpeculationModule
FNDA:5,MoneylineScorerModule.onlySpeculationModule
DA:35,5
BRDA:35,0,0,1
DA:36,1
DA:50,27
FN:50,MoneylineScorerModule.constructor
FNDA:27,MoneylineScorerModule.constructor
DA:51,27
DA:52,1
BRDA:52,1,0,1
DA:53,26
DA:59,3
FN:59,MoneylineScorerModule.determineWinSide
FNDA:3,MoneylineScorerModule.determineWinSide
DA:63,3
DA:66,3
DA:75,3
FN:75,MoneylineScorerModule._scoreMoneyline
FNDA:3,MoneylineScorerModule._scoreMoneyline
DA:79,3
BRDA:79,2,0,1
BRDA:79,2,1,1
DA:80,1
DA:81,2
BRDA:81,3,0,1
BRDA:81,3,1,1
DA:82,1
DA:84,1
DA:95,8
FN:95,MoneylineScorerModule._getModule
FNDA:8,MoneylineScorerModule._getModule
DA:98,8
DA:99,8
BRDA:99,4,0,1
DA:100,1
DA:102,7
FNF:5
FNH:5
LF:21
LH:21
BRF:7
BRH:7
end_of_record
TN:
SF:src/modules/OracleModule.sol
DA:103,13
FN:103,OracleModule.handleLinkPayment
FNDA:13,OracleModule.handleLinkPayment
DA:104,13
DA:106,13
DA:113,12
DA:118,1
BRDA:118,0,0,1
DA:119,1
DA:148,140
FN:148,OracleModule.constructor
FNDA:140,OracleModule.constructor
DA:156,140
DA:157,140
DA:158,140
DA:159,140
DA:160,1
BRDA:160,1,0,1
DA:161,1
DA:163,139
BRDA:163,2,0,1
DA:164,138
DA:165,138
DA:166,138
DA:167,138
DA:189,11
FN:189,OracleModule.createContestFromOracle
FNDA:11,OracleModule.createContestFromOracle
DA:200,11
DA:204,11
DA:206,10
DA:207,10
DA:208,10
DA:209,10
DA:211,10
DA:220,10
DA:243,3
FN:243,OracleModule.updateContestMarketsFromOracle
FNDA:3,OracleModule.updateContestMarketsFromOracle
DA:250,3
DA:254,3
DA:257,3
DA:259,1
BRDA:259,3,0,1
DA:260,1
DA:264,2
BRDA:264,4,0,1
DA:265,1
DA:268,1
DA:269,1
DA:270,1
DA:271,1
DA:273,1
DA:298,4
FN:298,OracleModule.scoreContestFromOracle
FNDA:4,OracleModule.scoreContestFromOracle
DA:305,4
DA:309,4
DA:311,4
BRDA:311,5,0,1
DA:312,1
DA:316,3
DA:318,1
BRDA:318,6,0,1
DA:319,1
DA:322,2
BRDA:322,7,0,1
DA:323,1
DA:326,1
DA:327,1
DA:328,1
DA:329,1
DA:331,1
DA:357,12
FN:357,OracleModule.sendRequest
FNDA:12,OracleModule.sendRequest
DA:367,12
DA:368,12
DA:369,12
BRDA:369,8,0,1
DA:370,1
DA:372,12
BRDA:372,9,0,12
DA:373,12
DA:375,12
DA:382,12
DA:387,0
DA:398,7
FN:398,OracleModule.fulfillRequest
FNDA:7,OracleModule.fulfillRequest
DA:403,7
DA:404,7
DA:405,1
BRDA:405,10,0,1
DA:407,6
DA:409,6
BRDA:409,11,0,1
DA:410,1
DA:413,5
BRDA:413,12,0,2
BRDA:413,12,1,0
DA:414,2
DA:415,3
BRDA:415,13,0,1
BRDA:415,13,1,0
DA:416,1
DA:417,2
BRDA:417,14,0,2
BRDA:417,14,1,0
DA:418,2
DA:420,0
DA:433,2
FN:433,OracleModule._handleContestCreate
FNDA:2,OracleModule._handleContestCreate
DA:437,2
DA:438,2
DA:442,1
DA:451,1
FN:451,OracleModule._handleContestMarketsUpdate
FNDA:1,OracleModule._handleContestMarketsUpdate
DA:455,1
DA:456,1
DA:465,1
DA:467,1
DA:486,2
FN:486,OracleModule._handleContestScore
FNDA:2,OracleModule._handleContestScore
DA:490,2
DA:491,1
DA:505,2
FN:505,OracleModule.bytesToUint32
FNDA:2,OracleModule.bytesToUint32
DA:508,2
BRDA:508,15,0,1
DA:509,1
DA:512,0
DA:521,3
FN:521,OracleModule.bytesToUint256
FNDA:3,OracleModule.bytesToUint256
DA:524,3
BRDA:524,16,0,1
DA:525,1
DA:528,0
DA:542,1
FN:542,OracleModule.extractLeagueIdAndStartTime
FNDA:1,OracleModule.extractLeagueIdAndStartTime
DA:547,1
DA:550,1
DA:551,1
DA:560,1
FN:560,OracleModule.uintToResultScore
FNDA:1,OracleModule.uintToResultScore
DA:563,1
DA:564,1
DA:565,1
DA:566,0
DA:585,3
FN:585,OracleModule.extractContestMarketData
FNDA:3,OracleModule.extractContestMarketData
DA:601,3
DA:602,3
DA:603,3
DA:604,3
DA:605,3
DA:606,3
DA:607,3
DA:608,3
DA:610,3
DA:629,25
FN:629,OracleModule.americanToOddsTick
FNDA:25,OracleModule.americanToOddsTick
DA:632,25
BRDA:632,17,0,1
DA:635,24
DA:637,24
BRDA:637,18,0,13
BRDA:637,18,1,11
DA:640,13
DA:644,11
DA:645,11
DA:649,11
DA:660,21
FN:660,OracleModule._getModule
FNDA:21,OracleModule._getModule
DA:663,21
DA:664,21
BRDA:664,19,0,0
DA:665,0
DA:667,21
FNF:17
FNH:17
LF:131
LH:125
BRF:24
BRH:20
end_of_record
TN:
SF:src/modules/PositionModule.sol
DA:122,24
FN:122,PositionModule.speculationOpen
FNDA:24,PositionModule.speculationOpen
DA:123,24
DA:126,24
BRDA:126,0,0,0
DA:127,0
DA:140,425
FN:140,PositionModule.riskAmountInRange
FNDA:425,PositionModule.riskAmountInRange
DA:141,425
DA:144,425
BRDA:144,1,0,6
DA:145,6
DA:166,307
FN:166,PositionModule.constructor
FNDA:307,PositionModule.constructor
DA:167,307
BRDA:167,2,0,1
DA:168,1
DA:170,306
DA:171,306
DA:177,1
FN:177,PositionModule.getModuleType
FNDA:1,PositionModule.getModuleType
DA:178,1
DA:199,427
FN:199,PositionModule.recordFill
FNDA:427,PositionModule.recordFill
DA:209,427
DA:210,1
BRDA:210,3,0,1
DA:212,426
DA:216,426
DA:222,426
BRDA:222,4,0,417
DA:223,417
DA:232,426
DA:241,0
DA:259,24
FN:259,PositionModule.transferPosition
FNDA:24,PositionModule.transferPosition
DA:267,24
BRDA:267,5,0,1
DA:268,1
DA:270,23
BRDA:270,6,0,2
DA:271,2
DA:274,21
DA:278,21
DA:281,1
BRDA:281,7,0,1
DA:282,1
DA:285,20
DA:292,20
DA:293,19
DA:294,1
BRDA:294,8,0,1
DA:295,1
DA:298,19
DA:301,19
DA:306,19
DA:312,19
BRDA:312,9,0,3
DA:313,3
DA:316,3
DA:317,3
DA:318,3
BRDA:318,10,0,2
DA:319,2
DA:323,17
DA:324,17
DA:326,17
DA:327,17
BRDA:327,11,0,16
DA:328,16
DA:329,16
DA:331,17
DA:332,17
DA:334,17
DA:342,17
DA:358,663
FN:358,PositionModule.claimPosition
FNDA:663,PositionModule.claimPosition
DA:362,663
DA:365,663
BRDA:365,12,0,1
DA:366,1
DA:369,662
DA:375,662
DA:377,661
BRDA:377,13,0,224
DA:378,224
DA:381,437
DA:382,437
DA:383,437
DA:385,437
DA:387,437
DA:388,437
DA:397,182
FN:397,PositionModule.getPosition
FNDA:182,PositionModule.getPosition
DA:402,182
DA:417,419
FN:417,PositionModule._recordFill
FNDA:419,PositionModule._recordFill
DA:425,419
DA:429,419
DA:432,419
BRDA:432,14,0,413
DA:433,413
DA:434,413
DA:436,419
DA:437,419
DA:439,419
DA:442,419
BRDA:442,15,0,417
DA:443,417
DA:444,417
DA:446,419
DA:447,419
DA:449,419
DA:450,419
DA:452,418
DA:461,419
DA:482,682
FN:482,PositionModule._getPosition
FNDA:682,PositionModule._getPosition
DA:487,682
DA:488,1
BRDA:488,16,0,1
DA:489,1
DA:491,0
DA:500,661
FN:500,PositionModule._calculatePayout
FNDA:661,PositionModule._calculatePayout
DA:505,661
DA:506,464
DA:507,200
BRDA:507,17,0,200
DA:508,200
DA:511,461
DA:518,238
BRDA:518,18,0,238
DA:519,238
DA:521,223
DA:531,2025
FN:531,PositionModule._getModule
FNDA:2025,PositionModule._getModule
DA:534,2025
DA:535,2025
BRDA:535,19,0,0
DA:536,0
DA:538,2025
FNF:12
FNH:12
LF:110
LH:106
BRF:20
BRH:18
end_of_record
TN:
SF:src/modules/RulesModule.sol
DA:96,23
FN:96,RulesModule.onlyCreatorBeforeStart
FNDA:23,RulesModule.onlyCreatorBeforeStart
DA:97,23
DA:100,23
BRDA:100,0,0,0
DA:101,23
DA:102,1
BRDA:102,1,0,1
DA:103,22
DA:104,2
BRDA:104,2,0,2
DA:109,19
FN:109,RulesModule.valueNotExceedingMaxBps
FNDA:19,RulesModule.valueNotExceedingMaxBps
DA:110,19
BRDA:110,3,0,1
DA:148,160
FN:148,RulesModule.constructor
FNDA:160,RulesModule.constructor
DA:149,160
BRDA:149,4,0,1
DA:150,159
DA:156,1
FN:156,RulesModule.getModuleType
FNDA:1,RulesModule.getModuleType
DA:157,1
DA:163,21
FN:163,RulesModule.setMinBankroll
FNDA:21,RulesModule.setMinBankroll
DA:168,21
DA:169,21
DA:170,2
DA:171,1
BRDA:171,5,0,1
DA:172,20
DA:173,20
DA:174,20
DA:181,20
FN:181,RulesModule.setMaxBankroll
FNDA:20,RulesModule.setMaxBankroll
DA:186,20
DA:187,20
DA:188,17
DA:189,1
BRDA:189,6,0,1
DA:190,19
DA:191,19
DA:192,19
DA:199,19
FN:199,RulesModule.setMinBetPercentage
FNDA:19,RulesModule.setMinBetPercentage
DA:209,18
DA:210,18
DA:211,2
DA:212,1
BRDA:212,7,0,1
DA:213,17
DA:214,17
DA:215,17
DA:222,19
FN:222,RulesModule.setMaxBetPercentage
FNDA:19,RulesModule.setMaxBetPercentage
DA:232,18
DA:233,18
DA:234,14
DA:235,1
BRDA:235,8,0,1
DA:236,17
DA:237,17
DA:238,17
DA:245,15
FN:245,RulesModule.setMinBets
FNDA:15,RulesModule.setMinBets
DA:249,15
DA:250,15
DA:251,15
DA:258,19
FN:258,RulesModule.setOddsEnforcementBps
FNDA:19,RulesModule.setOddsEnforcementBps
DA:267,18
DA:268,18
DA:269,18
DA:276,3
FN:276,RulesModule.setAllowLiveBetting
FNDA:3,RulesModule.setAllowLiveBetting
DA:280,3
DA:281,3
DA:282,3
DA:289,17
FN:289,RulesModule.setDeviationRule
FNDA:17,RulesModule.setDeviationRule
DA:296,17
BRDA:296,9,0,0
DA:297,17
DA:300,17
DA:304,17
DA:311,17
DA:324,0
FN:324,RulesModule.setAllowMoneylineSpreadPairing
FNDA:0,RulesModule.setAllowMoneylineSpreadPairing
DA:328,0
DA:329,0
DA:334,0
DA:347,9
FN:347,RulesModule.isBankrollValid
FNDA:9,RulesModule.isBankrollValid
DA:352,9
DA:353,5
DA:354,1
BRDA:354,10,0,1
DA:355,1
DA:358,8
DA:359,4
DA:360,1
BRDA:360,11,0,1
DA:361,1
DA:363,0
DA:367,5
FN:367,RulesModule.isMinPositionsMet
FNDA:5,RulesModule.isMinPositionsMet
DA:372,5
DA:373,3
DA:374,1
BRDA:374,12,0,1
DA:375,1
DA:377,4
DA:381,13
FN:381,RulesModule.validateOdds
FNDA:13,RulesModule.validateOdds
DA:387,13
DA:390,13
BRDA:390,13,0,1
DA:395,12
DA:396,12
DA:397,12
BRDA:397,14,0,7
DA:403,5
DA:407,16
FN:407,RulesModule.validateNumber
FNDA:16,RulesModule.validateNumber
DA:416,16
DA:417,3
BRDA:417,15,0,3
DA:418,3
DA:421,13
DA:425,13
DA:429,13
DA:445,13
FN:445,RulesModule.validateLeaderboardPosition
FNDA:13,RulesModule.validateLeaderboardPosition
DA:454,13
DA:457,12
DA:460,12
DA:464,12
DA:465,1
BRDA:465,16,0,1
DA:467,11
DA:468,1
BRDA:468,17,0,1
DA:469,10
DA:470,1
BRDA:470,18,0,1
DA:473,9
DA:477,1
BRDA:477,19,0,1
DA:478,1
DA:481,8
DA:485,8
BRDA:485,20,0,7
DA:487,7
DA:488,7
DA:489,1
BRDA:489,21,0,1
DA:490,1
DA:495,7
DA:499,7
DA:505,7
DA:513,1
BRDA:513,22,0,1
DA:514,1
DA:517,6
DA:522,6
DA:528,1
BRDA:528,23,0,1
DA:529,1
DA:532,5
BRDA:532,24,0,5
DA:533,5
BRDA:533,25,1,0
DA:534,5
DA:535,5
DA:536,1
BRDA:536,25,0,1
DA:538,1
DA:544,1
BRDA:544,26,0,1
DA:545,1
DA:550,4
DA:551,4
DA:552,1
BRDA:552,27,0,1
DA:554,1
DA:560,1
BRDA:560,28,0,1
DA:561,1
DA:568,3
DA:574,2
FN:574,RulesModule.getDeviationRule
FNDA:2,RulesModule.getDeviationRule
DA:580,2
DA:583,2
DA:589,2
FN:589,RulesModule.getAllRules
FNDA:2,RulesModule.getAllRules
DA:606,2
DA:619,2
FN:619,RulesModule.getMaxBetAmount
FNDA:2,RulesModule.getMaxBetAmount
DA:623,2
BRDA:623,29,0,1
BRDA:623,29,1,1
DA:624,1
DA:628,0
DA:630,0
DA:634,2
FN:634,RulesModule.getMinBetAmount
FNDA:2,RulesModule.getMinBetAmount
DA:638,2
BRDA:638,30,0,1
BRDA:638,30,1,1
DA:639,1
DA:643,1
DA:645,0
DA:655,193
FN:655,RulesModule._getModule
FNDA:193,RulesModule._getModule
DA:658,193
DA:659,193
BRDA:659,31,0,1
DA:660,1
DA:662,192
FNF:23
FNH:22
LF:161
LH:153
BRF:35
BRH:32
end_of_record
TN:
SF:src/modules/SecondaryMarketModule.sol
DA:142,37
FN:142,SecondaryMarketModule.constructor
FNDA:37,SecondaryMarketModule.constructor
DA:143,37
DA:144,2
BRDA:144,0,0,2
DA:145,35
DA:146,35
DA:152,1
FN:152,SecondaryMarketModule.getModuleType
FNDA:1,SecondaryMarketModule.getModuleType
DA:153,1
DA:159,29
FN:159,SecondaryMarketModule.listPositionForSale
FNDA:29,SecondaryMarketModule.listPositionForSale
DA:166,29
DA:167,1
BRDA:167,1,0,1
DA:169,28
DA:173,27
DA:174,1
BRDA:174,2,0,1
DA:176,26
DA:180,0
BRDA:180,3,0,-
DA:182,26
DA:183,0
BRDA:183,4,0,-
DA:184,25
DA:185,0
BRDA:185,5,0,-
DA:187,25
DA:193,25
DA:202,25
DA:227,14
FN:227,SecondaryMarketModule.buyPosition
FNDA:14,SecondaryMarketModule.buyPosition
DA:233,14
DA:234,1
BRDA:234,6,0,1
DA:236,13
BRDA:236,7,0,1
DA:238,12
DA:242,12
DA:243,1
BRDA:243,8,0,1
DA:245,11
DA:249,11
DA:250,0
BRDA:250,9,0,-
DA:251,11
DA:252,1
BRDA:252,10,0,1
DA:254,10
DA:256,10
DA:261,0
BRDA:261,11,0,-
DA:263,10
DA:265,10
DA:268,10
DA:269,1
BRDA:269,12,0,1
DA:271,9
DA:272,9
DA:274,9
DA:283,9
BRDA:283,13,0,5
BRDA:283,13,1,4
DA:286,4
DA:287,4
DA:288,4
DA:291,9
DA:300,9
DA:317,2
FN:317,SecondaryMarketModule.claimSaleProceeds
FNDA:2,SecondaryMarketModule.claimSaleProceeds
DA:318,2
DA:319,2
BRDA:319,14,0,1
DA:320,1
DA:321,1
DA:322,1
DA:323,1
DA:332,4
FN:332,SecondaryMarketModule.cancelListing
FNDA:4,SecondaryMarketModule.cancelListing
DA:336,4
DA:340,4
DA:341,2
BRDA:341,15,0,2
DA:343,2
DA:346,1
BRDA:346,16,0,1
DA:350,1
DA:351,1
DA:358,8
FN:358,SecondaryMarketModule.updateListing
FNDA:8,SecondaryMarketModule.updateListing
DA:365,8
DA:369,8
DA:370,1
BRDA:370,17,0,1
DA:372,7
DA:376,7
DA:377,1
BRDA:377,18,0,1
DA:379,6
DA:382,0
BRDA:382,19,0,-
DA:384,6
DA:385,6
DA:386,6
DA:388,6
BRDA:388,20,0,3
DA:389,3
DA:391,6
BRDA:391,21,0,4
DA:392,4
DA:393,1
BRDA:393,22,0,1
DA:394,3
DA:396,5
BRDA:396,23,0,2
DA:397,2
DA:398,0
BRDA:398,24,0,-
DA:401,2
DA:404,5
DA:415,5
DA:434,15
FN:434,SecondaryMarketModule.getSaleListing
FNDA:15,SecondaryMarketModule.getSaleListing
DA:439,15
DA:443,4
FN:443,SecondaryMarketModule.getPendingSaleProceeds
FNDA:4,SecondaryMarketModule.getPendingSaleProceeds
DA:446,4
DA:456,92
FN:456,SecondaryMarketModule._getModule
FNDA:92,SecondaryMarketModule._getModule
DA:459,92
DA:460,92
BRDA:460,25,0,1
DA:461,1
DA:463,91
FNF:10
FNH:10
LF:98
LH:91
BRF:27
BRH:20
end_of_record
TN:
SF:src/modules/SpeculationModule.sol
DA:122,328
FN:122,SpeculationModule.constructor
FNDA:328,SpeculationModule.constructor
DA:128,328
BRDA:128,0,0,0
DA:129,0
DA:131,328
DA:132,328
DA:133,328
DA:134,328
DA:140,1
FN:140,SpeculationModule.getModuleType
FNDA:1,SpeculationModule.getModuleType
DA:141,1
DA:147,455
FN:147,SpeculationModule.createSpeculation
FNDA:455,SpeculationModule.createSpeculation
DA:154,455
BRDA:154,1,0,1
DA:155,1
DA:157,454
DA:171,454
FN:171,SpeculationModule._createSpeculation
FNDA:454,SpeculationModule._createSpeculation
DA:178,454
BRDA:178,2,0,0
DA:179,0
DA:182,454
DA:184,454
BRDA:184,3,0,0
DA:185,0
DA:188,454
BRDA:188,4,0,1
DA:189,1
DA:192,453
BRDA:192,5,0,1
DA:193,1
DA:197,452
DA:199,2
BRDA:199,6,0,2
DA:200,2
DA:203,450
DA:205,450
DA:206,450
DA:207,450
DA:216,450
DA:218,450
DA:226,450
DA:237,450
DA:243,366
FN:243,SpeculationModule.settleSpeculation
FNDA:366,SpeculationModule.settleSpeculation
DA:244,366
DA:245,0
BRDA:245,7,0,-
DA:246,366
DA:250,366
DA:252,366
DA:256,366
BRDA:256,8,0,1
DA:257,1
DA:259,365
BRDA:259,9,0,1
DA:260,1
DA:263,364
DA:265,364
BRDA:265,10,0,361
DA:266,361
DA:267,361
DA:268,361
DA:270,361
DA:275,361
DA:279,361
DA:282,3
BRDA:282,11,0,2
DA:283,2
DA:284,2
DA:285,2
DA:291,2
DA:295,2
DA:298,1
DA:304,1302
FN:304,SpeculationModule.getSpeculation
FNDA:1302,SpeculationModule.getSpeculation
DA:307,1302
DA:311,431
FN:311,SpeculationModule.getSpeculationId
FNDA:431,SpeculationModule.getSpeculationId
DA:316,431
DA:326,2178
FN:326,SpeculationModule._getModule
FNDA:2178,SpeculationModule._getModule
DA:329,2178
DA:330,2178
BRDA:330,12,0,0
DA:331,0
DA:333,2178
FNF:8
FNH:8
LF:68
LH:63
BRF:13
BRH:8
end_of_record
TN:
SF:src/modules/SpreadScorerModule.sol
DA:34,9
FN:34,SpreadScorerModule.onlySpeculationModule
FNDA:9,SpreadScorerModule.onlySpeculationModule
DA:35,9
BRDA:35,0,0,1
DA:36,1
DA:50,26
FN:50,SpreadScorerModule.constructor
FNDA:26,SpreadScorerModule.constructor
DA:51,26
DA:52,1
BRDA:52,1,0,1
DA:53,25
DA:59,8
FN:59,SpreadScorerModule.determineWinSide
FNDA:8,SpreadScorerModule.determineWinSide
DA:63,8
DA:66,8
DA:79,8
FN:79,SpreadScorerModule._scoreSpread
FNDA:8,SpreadScorerModule._scoreSpread
DA:86,8
DA:88,8
DA:90,8
DA:92,8
BRDA:92,2,0,3
BRDA:92,2,1,2
DA:93,3
DA:94,5
BRDA:94,3,0,3
BRDA:94,3,1,2
DA:95,3
DA:97,2
DA:108,17
FN:108,SpreadScorerModule._getModule
FNDA:17,SpreadScorerModule._getModule
DA:111,17
DA:112,17
BRDA:112,4,0,0
DA:113,0
DA:115,17
FNF:5
FNH:5
LF:24
LH:23
BRF:7
BRH:6
end_of_record
TN:
SF:src/modules/TotalScorerModule.sol
DA:34,8
FN:34,TotalScorerModule.onlySpeculationModule
FNDA:8,TotalScorerModule.onlySpeculationModule
DA:35,8
BRDA:35,0,0,1
DA:36,1
DA:50,26
FN:50,TotalScorerModule.constructor
FNDA:26,TotalScorerModule.constructor
DA:51,26
DA:52,1
BRDA:52,1,0,1
DA:53,25
DA:59,7
FN:59,TotalScorerModule.determineWinSide
FNDA:7,TotalScorerModule.determineWinSide
DA:63,7
DA:66,7
DA:79,7
FN:79,TotalScorerModule._scoreTotal
FNDA:7,TotalScorerModule._scoreTotal
DA:86,7
DA:88,7
BRDA:88,2,0,3
BRDA:88,2,1,2
DA:89,3
DA:90,4
BRDA:90,3,0,2
BRDA:90,3,1,2
DA:91,2
DA:93,2
DA:104,15
FN:104,TotalScorerModule._getModule
FNDA:15,TotalScorerModule._getModule
DA:107,15
DA:108,15
BRDA:108,4,0,0
DA:109,0
DA:111,15
FNF:5
FNH:5
LF:22
LH:21
BRF:7
BRH:6
end_of_record
TN:
SF:src/modules/TreasuryModule.sol
DA:100,452
FN:100,TreasuryModule.onlyCore
FNDA:452,TreasuryModule.onlyCore
DA:101,452
DA:102,1
BRDA:102,0,0,1
DA:106,9
FN:106,TreasuryModule.onlyLeaderboardModule
FNDA:9,TreasuryModule.onlyLeaderboardModule
DA:107,9
DA:108,2
BRDA:108,1,0,2
DA:140,381
FN:140,TreasuryModule.constructor
FNDA:381,TreasuryModule.constructor
DA:149,381
DA:150,380
DA:151,379
DA:152,3
BRDA:152,2,0,3
DA:153,378
DA:154,378
DA:155,378
DA:156,378
DA:157,378
DA:158,378
DA:164,0
FN:164,TreasuryModule.getModuleType
FNDA:0,TreasuryModule.getModuleType
DA:165,0
DA:171,165
FN:171,TreasuryModule.processFee
FNDA:165,TreasuryModule.processFee
DA:175,165
DA:176,165
BRDA:176,3,0,5
DA:178,160
DA:180,160
DA:181,160
DA:188,451
FN:188,TreasuryModule.processSplitFee
FNDA:451,TreasuryModule.processSplitFee
DA:193,451
DA:194,451
BRDA:194,4,0,10
DA:195,441
DA:196,441
DA:197,441
DA:198,441
DA:200,441
DA:201,441
DA:202,441
DA:211,5
FN:211,TreasuryModule.fundLeaderboard
FNDA:5,TreasuryModule.fundLeaderboard
DA:212,5
BRDA:212,5,0,0
DA:214,5
DA:217,5
DA:218,1
BRDA:218,6,0,1
DA:219,4
DA:220,1
BRDA:220,7,0,1
DA:222,3
DA:223,3
DA:225,3
DA:226,3
DA:233,43
FN:233,TreasuryModule.processLeaderboardEntryFee
FNDA:43,TreasuryModule.processLeaderboardEntryFee
DA:238,43
DA:239,43
DA:241,43
DA:242,43
DA:251,7
FN:251,TreasuryModule.claimPrizePool
FNDA:7,TreasuryModule.claimPrizePool
DA:256,7
BRDA:256,8,0,1
DA:257,6
DA:258,1
BRDA:258,9,0,1
DA:259,5
DA:260,5
DA:261,5
DA:262,5
DA:271,6
FN:271,TreasuryModule.getFeeRate
FNDA:6,TreasuryModule.getFeeRate
DA:274,6
DA:278,15
FN:278,TreasuryModule.getPrizePool
FNDA:15,TreasuryModule.getPrizePool
DA:281,15
FNF:11
FNH:10
LF:63
LH:61
BRF:10
BRH:9
end_of_record
TN:
SF:test/analysis20260127/ExtremeOddsEdgeCases.t.sol
DA:29,0
FN:29,MockLeaderboardModuleExtreme.setLeaderboard
FNDA:0,MockLeaderboardModuleExtreme.setLeaderboard
DA:30,0
DA:33,0
FN:33,MockLeaderboardModuleExtreme.getLeaderboard
FNDA:0,MockLeaderboardModuleExtreme.getLeaderboard
DA:34,0
FNF:2
FNH:0
LF:4
LH:0
BRF:0
BRH:0
end_of_record
TN:
SF:test/analysis20260127/SolvencyFuzz.t.sol
DA:25,0
FN:25,MockLeaderboardModuleFuzz.setLeaderboard
FNDA:0,MockLeaderboardModuleFuzz.setLeaderboard
DA:26,0
DA:29,0
FN:29,MockLeaderboardModuleFuzz.getLeaderboard
FNDA:0,MockLeaderboardModuleFuzz.getLeaderboard
DA:30,0
FNF:2
FNH:0
LF:4
LH:0
BRF:0
BRH:0
end_of_record
TN:
SF:test/mocks/MockContestModule.sol
DA:15,1017
FN:15,MockContestModule.setContest
FNDA:1017,MockContestModule.setContest
DA:16,1017
DA:19,151
FN:19,MockContestModule.setContestStartTime
FNDA:151,MockContestModule.setContestStartTime
DA:20,151
DA:23,80
FN:23,MockContestModule.setContestMarket
FNDA:80,MockContestModule.setContestMarket
DA:24,80
DA:27,843
FN:27,MockContestModule.getContest
FNDA:843,MockContestModule.getContest
DA:30,843
DA:33,35
FN:33,MockContestModule.isContestScored
FNDA:35,MockContestModule.isContestScored
DA:34,35
DA:37,7
FN:37,MockContestModule.getContestMarket
FNDA:7,MockContestModule.getContestMarket
DA:41,7
FNF:6
FNH:6
LF:12
LH:12
BRF:0
BRH:0
end_of_record
TN:
SF:test/mocks/MockERC20.sol
DA:24,362
FN:24,MockERC20.constructor
FNDA:362,MockERC20.constructor
DA:25,362
DA:27,945
FN:27,MockERC20.transfer
FNDA:945,MockERC20.transfer
DA:28,945
BRDA:28,0,0,0
BRDA:28,0,1,0
DA:29,945
DA:30,945
DA:31,945
DA:32,945
DA:34,836
FN:34,MockERC20.approve
FNDA:836,MockERC20.approve
DA:35,836
DA:36,836
DA:37,836
DA:39,1934
FN:39,MockERC20.transferFrom
FNDA:1934,MockERC20.transferFrom
DA:40,1934
BRDA:40,1,0,0
BRDA:40,1,1,0
DA:41,1933
BRDA:41,2,0,0
BRDA:41,2,1,0
DA:42,1933
DA:43,1933
DA:44,1933
DA:45,1934
DA:46,1933
DA:49,141
FN:49,MockERC20.mint
FNDA:141,MockERC20.mint
DA:50,141
DA:51,141
DA:52,141
FNF:5
FNH:5
LF:24
LH:24
BRF:6
BRH:0
end_of_record
TN:
SF:test/mocks/MockFunctionsRouter.sol
DA:18,0
FN:18,MockFunctionsRouter.setShouldFailOnTransferReceived
FNDA:0,MockFunctionsRouter.setShouldFailOnTransferReceived
DA:19,0
DA:22,67
FN:22,MockFunctionsRouter.constructor
FNDA:67,MockFunctionsRouter.constructor
DA:23,67
DA:26,18
FN:26,MockFunctionsRouter.onTransferReceived
FNDA:18,MockFunctionsRouter.onTransferReceived
DA:32,0
BRDA:32,0,0,-
DA:33,0
DA:35,18
DA:40,12
FN:40,MockFunctionsRouter.sendRequest
FNDA:12,MockFunctionsRouter.sendRequest
DA:47,12
DA:48,12
DA:49,12
DA:50,12
DA:51,12
DA:52,12
DA:55,12
DA:56,12
DA:57,12
DA:58,0
DA:63,0
FN:63,MockFunctionsRouter.fulfillRequest
FNDA:0,MockFunctionsRouter.fulfillRequest
DA:68,0
DA:69,0
BRDA:69,1,0,-
BRDA:69,1,1,-
DA:71,0
DA:72,0
DA:73,0
DA:75,0
DA:76,0
BRDA:76,2,0,-
BRDA:76,2,1,-
DA:77,0
DA:80,0
DA:83,0
DA:84,0
DA:85,0
DA:88,0
DA:89,0
DA:91,0
DA:92,0
DA:93,0
DA:95,0
DA:104,0
BRDA:104,3,0,-
DA:107,0
FNF:5
FNH:3
LF:40
LH:14
BRF:6
BRH:0
end_of_record
TN:
SF:test/mocks/MockLinkToken.sol
DA:13,1
FN:13,MockLinkToken.setForceTransferAndCallReturnFalse
FNDA:1,MockLinkToken.setForceTransferAndCallReturnFalse
DA:14,1
DA:17,67
FN:17,MockLinkToken.constructor
FNDA:67,MockLinkToken.constructor
DA:19,67
DA:25,13
FN:25,MockLinkToken.mint
FNDA:13,MockLinkToken.mint
DA:26,13
DA:29,19
FN:29,MockLinkToken.transferAndCall
FNDA:19,MockLinkToken.transferAndCall
DA:34,1
BRDA:34,0,0,1
DA:35,1
DA:37,18
DA:38,18
DA:39,18
DA:40,18
DA:42,18
DA:43,18
BRDA:43,1,0,0
DA:44,0
DA:45,0
DA:48,18
DA:49,18
DA:51,18
DA:52,18
BRDA:52,2,0,0
BRDA:52,2,1,0
DA:54,18
FNF:4
FNH:4
LF:22
LH:20
BRF:4
BRH:1
end_of_record
TN:
SF:test/mocks/MockMarket.sol
DA:10,56
FN:10,MockMarket.constructor
FNDA:56,MockMarket.constructor
DA:11,56
DA:14,15
FN:14,MockMarket.transferPosition
FNDA:15,MockMarket.transferPosition
DA:22,15
FNF:2
FNH:2
LF:4
LH:4
BRF:0
BRH:0
end_of_record
TN:
SF:test/mocks/MockScorerModule.sol
DA:13,314
FN:13,MockScorerModule.setWinSide
FNDA:314,MockScorerModule.setWinSide
DA:14,314
DA:18,1
FN:18,MockScorerModule.setDefaultWinSide
FNDA:1,MockScorerModule.setDefaultWinSide
DA:19,1
DA:23,343
FN:23,MockScorerModule.determineWinSide
FNDA:343,MockScorerModule.determineWinSide
DA:25,343
BRDA:25,0,0,314
DA:26,314
DA:29,29
FNF:3
FNH:3
LF:8
LH:8
BRF:1
BRH:1
end_of_record
TN:
SF:test/mocks/MockSpeculationModule.sol
DA:13,10
FN:13,MockSpeculationModule.setSpeculationWinSide
FNDA:10,MockSpeculationModule.setSpeculationWinSide
DA:14,10
DA:19,80
FN:19,MockSpeculationModule.setTestSpeculation
FNDA:80,MockSpeculationModule.setTestSpeculation
DA:20,80
FNF:2
FNH:2
LF:4
LH:4
BRF:0
BRH:0
end_of_record
TN:
SF:test/modules/MatchingModule.t.sol
DA:36,116
FN:36,MockOspexCoreForMatching.setModule
FNDA:116,MockOspexCoreForMatching.setModule
DA:37,116
DA:38,116
DA:41,120
FN:41,MockOspexCoreForMatching.getModule
FNDA:120,MockOspexCoreForMatching.getModule
DA:42,120
DA:45,0
FN:45,MockOspexCoreForMatching.isRegisteredModule
FNDA:0,MockOspexCoreForMatching.isRegisteredModule
DA:48,0
DA:51,0
FN:51,MockOspexCoreForMatching.isApprovedScorer
FNDA:0,MockOspexCoreForMatching.isApprovedScorer
DA:52,0
DA:55,0
FN:55,MockOspexCoreForMatching.setApprovedScorer
FNDA:0,MockOspexCoreForMatching.setApprovedScorer
DA:56,0
DA:59,0
FN:59,MockOspexCoreForMatching.isSecondaryMarket
FNDA:0,MockOspexCoreForMatching.isSecondaryMarket
DA:60,0
DA:61,0
DA:65,53
FN:65,MockOspexCoreForMatching.emitCoreEvent
FNDA:53,MockOspexCoreForMatching.emitCoreEvent
DA:69,53
DA:90,57
FN:90,MockPositionModuleForMatching.setReturnSpeculationId
FNDA:57,MockPositionModuleForMatching.setReturnSpeculationId
DA:91,57
DA:94,43
FN:94,MockPositionModuleForMatching.recordFill.0
FNDA:43,MockPositionModuleForMatching.recordFill.0
DA:104,43
DA:105,43
DA:106,43
DA:107,43
DA:108,43
DA:109,43
DA:110,43
DA:111,43
DA:112,43
DA:113,43
DA:123,3
FN:123,MockContestModuleForMatching.setContestScored
FNDA:3,MockContestModuleForMatching.setContestScored
DA:124,3
DA:127,76
FN:127,MockContestModuleForMatching.isContestScored
FNDA:76,MockContestModuleForMatching.isContestScored
DA:128,76
DA:140,1
FN:140,ReentrantMockPositionModule.setTarget
FNDA:1,ReentrantMockPositionModule.setTarget
DA:141,1
DA:144,1
FN:144,ReentrantMockPositionModule.setShouldReenter
FNDA:1,ReentrantMockPositionModule.setShouldReenter
DA:145,1
DA:148,1
FN:148,ReentrantMockPositionModule.recordFill.1
FNDA:1,ReentrantMockPositionModule.recordFill.1
DA:158,1
BRDA:158,0,0,1
DA:159,1
DA:171,1
DA:177,0
DA:1491,0
FN:1491,MockLeaderboardModuleForIntegration.setLeaderboard
FNDA:0,MockLeaderboardModuleForIntegration.setLeaderboard
DA:1495,0
DA:1498,0
FN:1498,MockLeaderboardModuleForIntegration.getLeaderboard
FNDA:0,MockLeaderboardModuleForIntegration.getLeaderboard
DA:1501,0
FNF:16
FNH:10
LF:46
LH:32
BRF:1
BRH:1
end_of_record
TN:
SF:test/modules/OracleModule.t.sol
DA:56,1
FN:56,OracleModuleExposed.exposed_bytesToUint32
FNDA:1,OracleModuleExposed.exposed_bytesToUint32
DA:59,1
BRDA:59,0,0,1
DA:60,1
DA:64,0
DA:68,1
FN:68,OracleModuleExposed.exposed_bytesToUint256
FNDA:1,OracleModuleExposed.exposed_bytesToUint256
DA:71,1
BRDA:71,1,0,1
DA:72,1
DA:75,0
DA:85,7
FN:85,OracleModuleExposed.exposed_americanToOddsTick
FNDA:7,OracleModuleExposed.exposed_americanToOddsTick
DA:88,7
DA:91,1
FN:91,OracleModuleExposed.exposed_extractLeagueIdAndStartTime
FNDA:1,OracleModuleExposed.exposed_extractLeagueIdAndStartTime
DA:94,1
DA:96,1
DA:97,1
DA:100,1
FN:100,OracleModuleExposed.exposed_uintToResultScore
FNDA:1,OracleModuleExposed.exposed_uintToResultScore
DA:103,1
DA:104,1
DA:105,1
DA:106,0
DA:109,2
FN:109,OracleModuleExposed.exposed_extractContestMarketData
FNDA:2,OracleModuleExposed.exposed_extractContestMarketData
DA:125,2
FNF:6
FNH:6
LF:21
LH:18
BRF:2
BRH:2
end_of_record
TN:
SF:test/modules/PositionModule.t.sol
DA:24,0
FN:24,MockLeaderboardModule.setLeaderboard
FNDA:0,MockLeaderboardModule.setLeaderboard
DA:25,0
DA:28,0
FN:28,MockLeaderboardModule.getLeaderboard
FNDA:0,MockLeaderboardModule.getLeaderboard
DA:29,0
DA:32,3
FN:32,MockLeaderboardModule.setLockedAmounts
FNDA:3,MockLeaderboardModule.setLockedAmounts
DA:36,3
DA:37,3
FNF:3
FNH:1
LF:7
LH:3
BRF:0
BRH:0
end_of_record
TN:
SF:test/modules/SecondaryMarketModule.t.sol
DA:24,0
FN:24,MockLeaderboardModuleSM.getLeaderboard
FNDA:0,MockLeaderboardModuleSM.getLeaderboard
DA:25,0
FNF:1
FNH:0
LF:2
LH:0
BRF:0
BRH:0
end_of_record
TN:
SF:test/modules/TreasuryModule.t.sol
DA:15,20
FN:15,MockLeaderboardModuleForTreasury.setLeaderboard
FNDA:20,MockLeaderboardModuleForTreasury.setLeaderboard
DA:16,20
DA:19,5
FN:19,MockLeaderboardModuleForTreasury.getLeaderboard
FNDA:5,MockLeaderboardModuleForTreasury.getLeaderboard
DA:20,5
FNF:2
FNH:2
LF:4
LH:4
BRF:0
BRH:0
end_of_record
